<?xml version="1.0" encoding="UTF-8" ?>
<testsuite tests="3" failures="0" name="de.fraunhofer.iais.eis.validate.BeanValidatorTest" time="0.122" errors="0" skipped="0">
  <properties>
[...]
</properties>
  <testcase classname="de.fraunhofer.iais.eis.validate.BeanValidatorTest" name="incompleteMessage" time="0.045"/>
  <testcase classname="de.fraunhofer.iais.eis.validate.BeanValidatorTest" name="completeConnectorSelfDescription" time="0.053"/>
  <testcase classname="de.fraunhofer.iais.eis.validate.BeanValidatorTest" name="incompleteConnectorSelfDescription" time="0.024"/>
</testsuite>